<?xml version='1.0' encoding='UTF-8'?>
<testsuite hostname="DESKTOP-VG64LBK" name="TestFilter" tests="13" errors="0" failures="0" skipped="0" time="0.326" timestamp="2025-02-17T11:12:26">
          <properties>
[...]
</properties>
          <testcase classname="TestFilter" name="implicit 1" time="0.132">
                      
                    </testcase><testcase classname="TestFilter" name="syntactic sugars 1" time="0.027">
                      
                    </testcase><testcase classname="TestFilter" name="syntactic sugars 2" time="0.053">
                      
                    </testcase><testcase classname="TestFilter" name="syntactic sugars 3" time="0.035">
                      
                    </testcase><testcase classname="TestFilter" name="syntactic sugars 4" time="0.009">
                      
                    </testcase><testcase classname="TestFilter" name="eval 1" time="0.004">
                      
                    </testcase><testcase classname="TestFilter" name="eval 2" time="0.005">
                      
                    </testcase><testcase classname="TestFilter" name="eval 3" time="0.002">
                      
                    </testcase><testcase classname="TestFilter" name="eval 4" time="0.006">
                      
                    </testcase><testcase classname="TestFilter" name="eval 5" time="0.004">
                      
                    </testcase><testcase classname="TestFilter" name="eval 6" time="0.01">
                      
                    </testcase><testcase classname="TestFilter" name="eval 7" time="0.022">
                      
                    </testcase><testcase classname="TestFilter" name="eval 8" time="0.017">
                      
                    </testcase>
          <system-out><![CDATA[]]></system-out>
          <system-err><![CDATA[]]></system-err>
        </testsuite>